<?xml version="1.0" encoding="UTF-8"?>
<!-- Generated by org.testng.reporters.JUnitXMLReporter -->
<testsuite ignored="0" hostname="MAVLT1129" failures="0" tests="7" name="Test" time="4.722" errors="0" timestamp="2022-06-29T11:01:43 IST">
  <testcase classname="com.sdet.Test05_GETRequest_ExtractJsonValidation" name="GETRequestValidateJSONRequest" time="2.826"/>
  <testcase classname="com.sdet.Test01_POSTRequest" name="POSTRequest" time="0.736"/>
  <testcase classname="com.sdet.Test06_GETRequest_Authorization" name="GETRequestValidateJSONRequest" time="0.24"/>
  <testcase classname="com.sdet.Test02_GETRequest_HeaderValidation" name="GETRequestHeader" time="0.212"/>
  <testcase classname="com.sdet.Test04_GETRequest_ValidateJSONResponse" name="GETRequestValidateJSONRequest" time="0.231"/>
  <testcase classname="com.sdet.Test03_GETRequest_GetAllHeaders" name="GETRequestAllHeader" time="0.233"/>
  <testcase classname="com.sdet.Test01_GETRequest" name="GETRequest" time="0.186"/>
</testsuite> <!-- Test -->
