<?xml version="1.0" encoding="UTF-8"?>
<testng-results ignored="0" total="1" passed="1" failed="0" skipped="0">
  <reporter-output>
  </reporter-output>
  <suite started-at="2022-07-05T12:39:29 IST" name="Default suite" finished-at="2022-07-05T12:39:32 IST" duration-ms="2675">
    <groups>
    </groups>
    <test started-at="2022-07-05T12:39:29 IST" name="Default test" finished-at="2022-07-05T12:39:32 IST" duration-ms="2675">
      <class name="bdd.restapi.POST_Request">
        <test-method is-config="true" signature="setup()[pri:0, instance:bdd.restapi.POST_Request@41a0aa7d]" started-at="2022-07-05T12:39:29 IST" name="setup" finished-at="2022-07-05T12:39:29 IST" duration-ms="483" status="PASS">
          <reporter-output>
          </reporter-output>
        </test-method> <!-- setup -->
        <test-method signature="Post_Request()[pri:0, instance:bdd.restapi.POST_Request@41a0aa7d]" started-at="2022-07-05T12:39:29 IST" name="Post_Request" finished-at="2022-07-05T12:39:32 IST" duration-ms="2148" status="PASS">
          <reporter-output>
          </reporter-output>
        </test-method> <!-- Post_Request -->
      </class> <!-- bdd.restapi.POST_Request -->
    </test> <!-- Default test -->
  </suite> <!-- Default suite -->
</testng-results>
